#
# A fatal error has been detected by the Java Runtime Environment:
#
#  Internal Error (constantTag.cpp:59), pid=3126, tid=0x0000000000002c03
#  Error: ShouldNotReachHere()
#
# JRE version: Java(TM) SE Runtime Environment (8.0_181-b13) (build 1.8.0_181-b13)
# Java VM: Java HotSpot(TM) 64-Bit Server VM (25.181-b13 mixed mode bsd-amd64 compressed oops)
# Failed to write core dump. Core dumps have been disabled. To enable core dumping, try "ulimit -c unlimited" before starting Java again
#
# If you would like to submit a bug report, please visit:
#   http://bugreport.java.com/bugreport/crash.jsp
#

---------------  T H R E A D  ---------------

Current thread (0x00007f8af903d000):  VMThread [stack: 0x0000700000629000,0x0000700000729000] [id=11267]

Stack: [0x0000700000629000,0x0000700000729000],  sp=0x00007000007281a0,  free space=1020k
Native frames: (J=compiled Java code, j=interpreted, Vv=VM code, C=native code)
V  [libjvm.dylib+0x5b581a]  VMError::report_and_die()+0x3f8
V  [libjvm.dylib+0x1e9185]  report_vm_error(char const*, int, char const*, char const*)+0x54
V  [libjvm.dylib+0x1e76ff]  constantTag::basic_type() const+0x4f
V  [libjvm.dylib+0xdcfbb]  Bytecode_loadconstant::result_type() const+0x37
V  [libjvm.dylib+0x288f14]  GenerateOopMap::do_ldc(int)+0xc0
V  [libjvm.dylib+0x28a7ec]  GenerateOopMap::interp_bb(BasicBlock*)+0x104
V  [libjvm.dylib+0x28aa3b]  GenerateOopMap::interp_all()+0x31
V  [libjvm.dylib+0x28afd2]  GenerateOopMap::do_interpretation()+0x44
V  [libjvm.dylib+0x28b3eb]  GenerateOopMap::compute_map(Thread*)+0x1fb
V  [libjvm.dylib+0x485331]  OopMapForCacheEntry::compute_map(Thread*)+0x8f
V  [libjvm.dylib+0x48553a]  OopMapCacheEntry::fill(methodHandle, int)+0x19e
V  [libjvm.dylib+0x48571b]  OopMapCache::compute_one_oop_map(methodHandle, int, InterpreterOopMap*)+0x16b
V  [libjvm.dylib+0x4859d2]  OopMapCache::lookup(methodHandle, int, InterpreterOopMap*) const+0x25c
V  [libjvm.dylib+0x2c2b04]  InstanceKlass::mask_for(methodHandle, int, InterpreterOopMap*)+0xd2
V  [libjvm.dylib+0x45306d]  Method::mask_for(int, InterpreterOopMap*)+0xb3
V  [libjvm.dylib+0x39afbf]  VM_GetOrSetLocal::doit()+0x47
V  [libjvm.dylib+0x5bd499]  VM_Operation::evaluate()+0x4f
V  [libjvm.dylib+0x5bba31]  VMThread::evaluate_operation(VM_Operation*)+0xdf
V  [libjvm.dylib+0x5bbe7e]  VMThread::loop()+0x328
V  [libjvm.dylib+0x5bb79d]  VMThread::run()+0x79
V  [libjvm.dylib+0x48e342]  java_start(Thread*)+0xf6
C  [libsystem_pthread.dylib+0x399d]  _pthread_body+0x83
C  [libsystem_pthread.dylib+0x391a]  _pthread_body+0x0
C  [libsystem_pthread.dylib+0x1351]  thread_start+0xd

VM_Operation (0x0000700000bb7958): GetOrSetLocal, mode: safepoint, requested by thread 0x00007f8afa017800


---------------  P R O C E S S  ---------------

Java Threads: ( => current thread )
  0x00007f8af9176800 JavaThread "ReaderThread" [_thread_in_native, id=20739, stack(0x00007000012d0000,0x00007000013d0000)]
  0x00007f8af909e800 JavaThread "Service Thread" daemon [_thread_blocked, id=19715, stack(0x00007000010ca000,0x00007000011ca000)]
  0x00007f8afa838000 JavaThread "C1 CompilerThread2" daemon [_thread_blocked, id=19203, stack(0x0000700000fc7000,0x00007000010c7000)]
  0x00007f8afa815000 JavaThread "C2 CompilerThread1" daemon [_thread_blocked, id=18691, stack(0x0000700000ec4000,0x0000700000fc4000)]
  0x00007f8af98d4800 JavaThread "C2 CompilerThread0" daemon [_thread_blocked, id=18179, stack(0x0000700000dc1000,0x0000700000ec1000)]
  0x00007f8afa813800 JavaThread "JDWP Command Reader" daemon [_thread_in_native, id=17667, stack(0x0000700000cbe000,0x0000700000dbe000)]
  0x00007f8afa018800 JavaThread "JDWP Event Helper Thread" daemon [_thread_blocked, id=17155, stack(0x0000700000bbb000,0x0000700000cbb000)]
  0x00007f8afa017800 JavaThread "JDWP Transport Listener: dt_socket" daemon [_thread_blocked, id=16643, stack(0x0000700000ab8000,0x0000700000bb8000)]
  0x00007f8afa012000 JavaThread "Signal Dispatcher" daemon [_thread_blocked, id=14867, stack(0x00007000009b5000,0x0000700000ab5000)]
  0x00007f8af9827000 JavaThread "Finalizer" daemon [_thread_blocked, id=12291, stack(0x000070000082f000,0x000070000092f000)]
  0x00007f8af9805000 JavaThread "Reference Handler" daemon [_thread_blocked, id=11779, stack(0x000070000072c000,0x000070000082c000)]
  0x00007f8af9801000 JavaThread "main" [_thread_blocked, id=5891, stack(0x000070000011a000,0x000070000021a000)]

Other Threads:
=>0x00007f8af903d000 VMThread [stack: 0x0000700000629000,0x0000700000729000] [id=11267]
  0x00007f8af98bd000 WatcherThread [stack: 0x00007000011cd000,0x00007000012cd000] [id=20227]

VM state:at safepoint (normal execution)

VM Mutex/Monitor currently owned by a thread:  ([mutex/lock_event])
[0x00007f8af8e090b0] Threads_lock - owner thread: 0x00007f8af903d000

Heap:
 PSYoungGen      total 18944K, used 9453K [0x00000007aab00000, 0x00000007ac000000, 0x00000007c0000000)
  eden space 16384K, 42% used [0x00000007aab00000,0x00000007ab1bfdc8,0x00000007abb00000)
  from space 2560K, 99% used [0x00000007abd80000,0x00000007abffb830,0x00000007ac000000)
  to   space 2560K, 0% used [0x00000007abb00000,0x00000007abb00000,0x00000007abd80000)
 ParOldGen       total 44032K, used 309K [0x0000000780000000, 0x0000000782b00000, 0x00000007aab00000)
  object space 44032K, 0% used [0x0000000780000000,0x000000078004d530,0x0000000782b00000)
 Metaspace       used 9523K, capacity 10294K, committed 10624K, reserved 1058816K
  class space    used 1141K, capacity 1306K, committed 1408K, reserved 1048576K

Card table byte_map: [0x0000000119bda000,0x0000000119ddb000] byte_map_base: 0x0000000115fda000

Marking Bits: (ParMarkBitMap*) 0x000000010a0f9cd0
 Begin Bits: [0x0000000119f31000, 0x000000011af31000)
 End Bits:   [0x000000011af31000, 0x000000011bf31000)

Polling page: 0x0000000108faf000

CodeCache: size=245760Kb used=4884Kb max_used=4981Kb free=240875Kb
 bounds [0x000000010a81a000, 0x000000010ad0a000, 0x000000011981a000]
 total_blobs=1487 nmethods=1178 adapters=231
 compilation: enabled

Compilation events (10 events):
Event: 5.041 Thread 0x00007f8afa838000 1175       3       java.util.stream.AbstractPipeline::<init> (91 bytes)
Event: 5.043 Thread 0x00007f8afa838000 nmethod 1175 0x000000010acb3fd0 code [0x000000010acb4180, 0x000000010acb4798]
Event: 5.043 Thread 0x00007f8afa838000 1176       3       java.util.stream.ReferencePipeline::<init> (7 bytes)
Event: 5.044 Thread 0x00007f8afa838000 nmethod 1176 0x000000010acb4a50 code [0x000000010acb4bc0, 0x000000010acb4d68]
Event: 5.051 Thread 0x00007f8afa815000 nmethod 1168 0x000000010acb8110 code [0x000000010acb82a0, 0x000000010acb8998]
Event: 5.051 Thread 0x00007f8afa815000 1171       4       java.util.Objects::requireNonNull (14 bytes)
Event: 5.053 Thread 0x00007f8afa815000 nmethod 1171 0x000000010ac8a750 code [0x000000010ac8a8a0, 0x000000010ac8a8f8]
Event: 9.651 Thread 0x00007f8af98d4800 nmethod 780 0x000000010acd0a90 code [0x000000010acd1bc0, 0x000000010ace89d0]
Event: 1108.204 Thread 0x00007f8afa838000 1178       3       org.eclipse.jdt.launching.internal.org.objectweb.asm.AnnotationWriter::<init> (9 bytes)
Event: 1108.206 Thread 0x00007f8afa838000 nmethod 1178 0x000000010acb7d10 code [0x000000010acb7e80, 0x000000010acb8048]

GC Heap History (4 events):
Event: 2.758 GC heap before
{Heap before GC invocations=1 (full 0):
 PSYoungGen      total 18944K, used 16384K [0x00000007aab00000, 0x00000007ac000000, 0x00000007c0000000)
  eden space 16384K, 100% used [0x00000007aab00000,0x00000007abb00000,0x00000007abb00000)
  from space 2560K, 0% used [0x00000007abd80000,0x00000007abd80000,0x00000007ac000000)
  to   space 2560K, 0% used [0x00000007abb00000,0x00000007abb00000,0x00000007abd80000)
 ParOldGen       total 44032K, used 0K [0x0000000780000000, 0x0000000782b00000, 0x00000007aab00000)
  object space 44032K, 0% used [0x0000000780000000,0x0000000780000000,0x0000000782b00000)
 Metaspace       used 6439K, capacity 6596K, committed 6656K, reserved 1056768K
  class space    used 682K, capacity 768K, committed 768K, reserved 1048576K
Event: 2.772 GC heap after
Heap after GC invocations=1 (full 0):
 PSYoungGen      total 18944K, used 2481K [0x00000007aab00000, 0x00000007ac000000, 0x00000007c0000000)
  eden space 16384K, 0% used [0x00000007aab00000,0x00000007aab00000,0x00000007abb00000)
  from space 2560K, 96% used [0x00000007abb00000,0x00000007abd6c570,0x00000007abd80000)
  to   space 2560K, 0% used [0x00000007abd80000,0x00000007abd80000,0x00000007ac000000)
 ParOldGen       total 44032K, used 16K [0x0000000780000000, 0x0000000782b00000, 0x00000007aab00000)
  object space 44032K, 0% used [0x0000000780000000,0x0000000780004000,0x0000000782b00000)
 Metaspace       used 6439K, capacity 6596K, committed 6656K, reserved 1056768K
  class space    used 682K, capacity 768K, committed 768K, reserved 1048576K
}
Event: 4.414 GC heap before
{Heap before GC invocations=2 (full 0):
 PSYoungGen      total 18944K, used 18865K [0x00000007aab00000, 0x00000007ac000000, 0x00000007c0000000)
  eden space 16384K, 100% used [0x00000007aab00000,0x00000007abb00000,0x00000007abb00000)
  from space 2560K, 96% used [0x00000007abb00000,0x00000007abd6c570,0x00000007abd80000)
  to   space 2560K, 0% used [0x00000007abd80000,0x00000007abd80000,0x00000007ac000000)
 ParOldGen       total 44032K, used 16K [0x0000000780000000, 0x0000000782b00000, 0x00000007aab00000)
  object space 44032K, 0% used [0x0000000780000000,0x0000000780004000,0x0000000782b00000)
 Metaspace       used 8871K, capacity 9394K, committed 9728K, reserved 1058816K
  class space    used 1035K, capacity 1157K, committed 1280K, reserved 1048576K
Event: 4.430 GC heap after
Heap after GC invocations=2 (full 0):
 PSYoungGen      total 18944K, used 2542K [0x00000007aab00000, 0x00000007ac000000, 0x00000007c0000000)
  eden space 16384K, 0% used [0x00000007aab00000,0x00000007aab00000,0x00000007abb00000)
  from space 2560K, 99% used [0x00000007abd80000,0x00000007abffb830,0x00000007ac000000)
  to   space 2560K, 0% used [0x00000007abb00000,0x00000007abb00000,0x00000007abd80000)
 ParOldGen       total 44032K, used 309K [0x0000000780000000, 0x0000000782b00000, 0x00000007aab00000)
  object space 44032K, 0% used [0x0000000780000000,0x000000078004d530,0x0000000782b00000)
 Metaspace       used 8871K, capacity 9394K, committed 9728K, reserved 1058816K
  class space    used 1035K, capacity 1157K, committed 1280K, reserved 1048576K
}

Deoptimization events (8 events):
Event: 2.673 Thread 0x00007f8af9801000 Uncommon trap: reason=unstable_if action=reinterpret pc=0x000000010a9badd0 method=java.math.BigInteger.addOne([IIII)I @ 55
Event: 2.857 Thread 0x00007f8af9801000 Uncommon trap: reason=unstable_if action=reinterpret pc=0x000000010aa4ae50 method=java.lang.String.replace(CC)Ljava/lang/String; @ 26
Event: 3.419 Thread 0x00007f8af9801000 Uncommon trap: reason=unstable_if action=reinterpret pc=0x000000010ab1d644 method=java.util.HashMap.getNode(ILjava/lang/Object;)Ljava/util/HashMap$Node; @ 62
Event: 3.511 Thread 0x00007f8af9801000 Uncommon trap: reason=class_check action=maybe_recompile pc=0x000000010ab6de30 method=java.util.HashMap.putVal(ILjava/lang/Object;Ljava/lang/Object;ZZ)Ljava/lang/Object; @ 253
Event: 3.515 Thread 0x00007f8af9801000 Uncommon trap: reason=class_check action=maybe_recompile pc=0x000000010ab6de30 method=java.util.HashMap.putVal(ILjava/lang/Object;Ljava/lang/Object;ZZ)Ljava/lang/Object; @ 253
Event: 3.560 Thread 0x00007f8af9801000 Uncommon trap: reason=class_check action=maybe_recompile pc=0x000000010ab6de30 method=java.util.HashMap.putVal(ILjava/lang/Object;Ljava/lang/Object;ZZ)Ljava/lang/Object; @ 253
Event: 3.687 Thread 0x00007f8af9801000 Uncommon trap: reason=class_check action=maybe_recompile pc=0x000000010ab6de30 method=java.util.HashMap.putVal(ILjava/lang/Object;Ljava/lang/Object;ZZ)Ljava/lang/Object; @ 253
Event: 4.710 Thread 0x00007f8af9801000 Uncommon trap: reason=unstable_if action=reinterpret pc=0x000000010abbe230 method=org.eclipse.jdt.launching.internal.org.objectweb.asm.ByteVector.putInt(I)Lorg/eclipse/jdt/launching/internal/org/objectweb/asm/ByteVector; @ 13

Classes redefined (10 events):
Event: 5415.808 Thread 0x00007f8af903d000 redefined class name=test.StudentPersonTest, count=4
Event: 5424.611 Thread 0x00007f8af903d000 redefined class name=test.StudentPersonTest, count=5
Event: 5479.016 Thread 0x00007f8af903d000 redefined class name=test.StudentPersonTest, count=6
Event: 5491.017 Thread 0x00007f8af903d000 redefined class name=test.StudentPersonTest, count=7
Event: 5497.567 Thread 0x00007f8af903d000 redefined class name=test.StudentPersonTest, count=8
Event: 5510.575 Thread 0x00007f8af903d000 redefined class name=test.StudentPersonTest, count=9
Event: 5535.852 Thread 0x00007f8af903d000 redefined class name=test.StudentPersonTest, count=10
Event: 5559.404 Thread 0x00007f8af903d000 redefined class name=test.StudentPersonTest, count=11
Event: 5569.891 Thread 0x00007f8af903d000 redefined class name=test.StudentPersonTest, count=12
Event: 5581.790 Thread 0x00007f8af903d000 redefined class name=test.StudentPersonTest, count=13

Internal exceptions (10 events):
Event: 3.128 Thread 0x00007f8af9801000 Exception <a 'java/lang/NoSuchMethodError': java.lang.Object.lambda$or$2(Ljava/util/function/Predicate;Ljava/lang/Object;)Z> (0x00000007aaf52ee0) thrown at [/Users/java_re/workspace/8-2-build-macosx-x86_64/jdk8u181/11358/hotspot/src/share/vm/interpreter/l
Event: 3.544 Thread 0x00007f8af9801000 Exception <a 'java/lang/NoSuchMethodError': java.lang.Object.lambda$andThen$1(Ljava/util/function/Function;Ljava/lang/Object;)Ljava/lang/Object;> (0x00000007ab4fe360) thrown at [/Users/java_re/workspace/8-2-build-macosx-x86_64/jdk8u181/11358/hotspot/src/s
Event: 3.784 Thread 0x00007f8af9801000 Exception <a 'java/lang/NoSuchMethodError': java.lang.Object.lambda$accept$0(Lorg/junit/platform/engine/TestDescriptor$Visitor;Lorg/junit/platform/engine/TestDescriptor;)V> (0x00000007ab63fc98) thrown at [/Users/java_re/workspace/8-2-build-macosx-x86_64/j
Event: 3.804 Thread 0x00007f8af9801000 Exception <a 'java/lang/IncompatibleClassChangeError': Found class java.lang.Object, but interface was expected> (0x00000007ab659f50) thrown at [/Users/java_re/workspace/8-2-build-macosx-x86_64/jdk8u181/11358/hotspot/src/share/vm/interpreter/linkResolver.
Event: 3.812 Thread 0x00007f8af9801000 Exception <a 'java/lang/NoSuchMethodError': java.lang.Object.containsTests(Lorg/junit/platform/engine/TestDescriptor;)Z> (0x00000007ab666b28) thrown at [/Users/java_re/workspace/8-2-build-macosx-x86_64/jdk8u181/11358/hotspot/src/share/vm/interpreter/linkR
Event: 4.053 Thread 0x00007f8af9801000 Exception <a 'java/lang/IncompatibleClassChangeError': Found class java.lang.Object, but interface was expected> (0x00000007ab9594c0) thrown at [/Users/java_re/workspace/8-2-build-macosx-x86_64/jdk8u181/11358/hotspot/src/share/vm/interpreter/linkResolver.
Event: 4.447 Thread 0x00007f8af9801000 Exception <a 'java/lang/IncompatibleClassChangeError': Found class java.lang.Object, but interface was expected> (0x00000007aab19828) thrown at [/Users/java_re/workspace/8-2-build-macosx-x86_64/jdk8u181/11358/hotspot/src/share/vm/interpreter/linkResolver.
Event: 4.525 Thread 0x00007f8af9801000 Exception <a 'java/lang/NoSuchMethodError': java.lang.Object.lambda$comparing$77a9974f$1(Ljava/util/function/Function;Ljava/lang/Object;Ljava/lang/Object;)I> (0x00000007aac76288) thrown at [/Users/java_re/workspace/8-2-build-macosx-x86_64/jdk8u181/11358/h
Event: 4.544 Thread 0x00007f8af9801000 Exception <a 'java/lang/NoSuchMethodError': java.lang.Object.lambda$thenComparing$36697e65$1(Ljava/util/Comparator;Ljava/lang/Object;Ljava/lang/Object;)I> (0x00000007aac953d0) thrown at [/Users/java_re/workspace/8-2-build-macosx-x86_64/jdk8u181/11358/hots
Event: 4.856 Thread 0x00007f8af9801000 Exception <a 'java/lang/NoSuchMethodError': java.lang.Object.lambda$and$0(Ljava/util/function/Predicate;Ljava/lang/Object;)Z> (0x00000007aafe1600) thrown at [/Users/java_re/workspace/8-2-build-macosx-x86_64/jdk8u181/11358/hotspot/src/share/vm/interpreter/

Events (10 events):
Event: 5581.842 Executing VM operation: ChangeBreakpoints done
Event: 5581.847 Executing VM operation: ChangeBreakpoints
Event: 5581.848 Executing VM operation: ChangeBreakpoints done
Event: 5581.854 Executing VM operation: ChangeBreakpoints
Event: 5581.855 Executing VM operation: ChangeBreakpoints done
Event: 5583.167 Executing VM operation: GetOwnedMonitorInfo
Event: 5583.167 Executing VM operation: GetOwnedMonitorInfo done
Event: 5583.168 Executing VM operation: GetCurrentContendedMonitor
Event: 5583.168 Executing VM operation: GetCurrentContendedMonitor done
Event: 5592.754 Executing VM operation: GetOrSetLocal


Dynamic libraries:
0x00007fff925a1000 	/System/Library/Frameworks/Cocoa.framework/Versions/A/Cocoa
0x00007fff85c63000 	/System/Library/Frameworks/Security.framework/Versions/A/Security
0x00007fff8c5f3000 	/System/Library/Frameworks/ApplicationServices.framework/Versions/A/ApplicationServices
0x00007fff8fefe000 	/usr/lib/libz.1.dylib
0x00007fff8dc80000 	/usr/lib/libSystem.B.dylib
0x00007fff8fb33000 	/usr/lib/libobjc.A.dylib
0x00007fff955f8000 	/System/Library/Frameworks/CoreFoundation.framework/Versions/A/CoreFoundation
0x00007fff85247000 	/System/Library/Frameworks/Foundation.framework/Versions/C/Foundation
0x00007fff8031a000 	/System/Library/Frameworks/AppKit.framework/Versions/C/AppKit
0x00007fff95cf2000 	/System/Library/Frameworks/CoreData.framework/Versions/A/CoreData
0x00007fff86b28000 	/System/Library/PrivateFrameworks/RemoteViewServices.framework/Versions/A/RemoteViewServices
0x00007fff9542e000 	/System/Library/PrivateFrameworks/UIFoundation.framework/Versions/A/UIFoundation
0x00007fff8c805000 	/usr/lib/libScreenReader.dylib
0x00007fff8b075000 	/System/Library/Frameworks/Accelerate.framework/Versions/A/Accelerate
0x00007fff9263c000 	/System/Library/Frameworks/IOSurface.framework/Versions/A/IOSurface
0x00007fff9062c000 	/System/Library/Frameworks/AudioToolbox.framework/Versions/A/AudioToolbox
0x00007fff86c3b000 	/System/Library/Frameworks/AudioUnit.framework/Versions/A/AudioUnit
0x00007fff88f22000 	/System/Library/PrivateFrameworks/DataDetectorsCore.framework/Versions/A/DataDetectorsCore
0x00007fff8e7b1000 	/System/Library/PrivateFrameworks/DesktopServicesPriv.framework/Versions/A/DesktopServicesPriv
0x00007fff94bca000 	/System/Library/Frameworks/Carbon.framework/Versions/A/Frameworks/HIToolbox.framework/Versions/A/HIToolbox
0x00007fff8d4a8000 	/System/Library/Frameworks/QuartzCore.framework/Versions/A/QuartzCore
0x00007fff82007000 	/System/Library/Frameworks/Carbon.framework/Versions/A/Frameworks/SpeechRecognition.framework/Versions/A/SpeechRecognition
0x00007fff89912000 	/usr/lib/libauto.dylib
0x00007fff8e9d2000 	/usr/lib/libicucore.A.dylib
0x00007fff8c6e1000 	/usr/lib/libxml2.2.dylib
0x00007fff81ebc000 	/System/Library/PrivateFrameworks/CoreUI.framework/Versions/A/CoreUI
0x00007fff86fcb000 	/System/Library/Frameworks/CoreAudio.framework/Versions/A/CoreAudio
0x00007fff8b194000 	/System/Library/Frameworks/DiskArbitration.framework/Versions/A/DiskArbitration
0x00007fff8b9a3000 	/usr/lib/liblangid.dylib
0x00007fff923af000 	/System/Library/PrivateFrameworks/MultitouchSupport.framework/Versions/A/MultitouchSupport
0x00007fff953b8000 	/System/Library/Frameworks/IOKit.framework/Versions/A/IOKit
0x00007fff85c61000 	/usr/lib/libDiagnosticMessagesClient.dylib
0x00007fff91542000 	/System/Library/Frameworks/CoreServices.framework/Versions/A/CoreServices
0x00007fff928d5000 	/System/Library/PrivateFrameworks/PerformanceAnalysis.framework/Versions/A/PerformanceAnalysis
0x00007fff8135d000 	/System/Library/PrivateFrameworks/GenerationalStorage.framework/Versions/A/GenerationalStorage
0x00007fff832b4000 	/System/Library/Frameworks/OpenGL.framework/Versions/A/OpenGL
0x00007fff8b1aa000 	/System/Library/PrivateFrameworks/Sharing.framework/Versions/A/Sharing
0x00007fff837d3000 	/System/Library/Frameworks/CoreGraphics.framework/Versions/A/CoreGraphics
0x00007fff8cae1000 	/System/Library/Frameworks/CoreImage.framework/Versions/A/CoreImage
0x00007fff904fd000 	/System/Library/Frameworks/CoreText.framework/Versions/A/CoreText
0x00007fff8c42c000 	/System/Library/Frameworks/ImageIO.framework/Versions/A/ImageIO
0x00007fff89c4e000 	/System/Library/PrivateFrameworks/Backup.framework/Versions/A/Backup
0x00007fff92c80000 	/usr/lib/libextension.dylib
0x00007fff8e3f9000 	/usr/lib/libarchive.2.dylib
0x00007fff82210000 	/System/Library/Frameworks/CFNetwork.framework/Versions/A/CFNetwork
0x00007fff88575000 	/System/Library/Frameworks/SystemConfiguration.framework/Versions/A/SystemConfiguration
0x00007fff95f9c000 	/usr/lib/libCRFSuite.dylib
0x00007fff82498000 	/usr/lib/libc++.1.dylib
0x00007fff8289c000 	/usr/lib/libc++abi.dylib
0x00007fff8b155000 	/usr/lib/system/libcache.dylib
0x00007fff89906000 	/usr/lib/system/libcommonCrypto.dylib
0x00007fff8a3a2000 	/usr/lib/system/libcompiler_rt.dylib
0x00007fff837ca000 	/usr/lib/system/libcopyfile.dylib
0x00007fff85be9000 	/usr/lib/system/libcorecrypto.dylib
0x00007fff900f7000 	/usr/lib/system/libdispatch.dylib
0x00007fff925c8000 	/usr/lib/system/libdyld.dylib
0x00007fff8a3a1000 	/usr/lib/system/libkeymgr.dylib
0x00007fff851b3000 	/usr/lib/system/liblaunch.dylib
0x00007fff80f44000 	/usr/lib/system/libmacho.dylib
0x00007fff8995a000 	/usr/lib/system/libquarantine.dylib
0x00007fff95119000 	/usr/lib/system/libremovefile.dylib
0x00007fff9507d000 	/usr/lib/system/libsystem_asl.dylib
0x00007fff86ae1000 	/usr/lib/system/libsystem_blocks.dylib
0x00007fff8e8cf000 	/usr/lib/system/libsystem_c.dylib
0x00007fff8d2a0000 	/usr/lib/system/libsystem_configuration.dylib
0x00007fff815c3000 	/usr/lib/system/libsystem_coreservices.dylib
0x00007fff899da000 	/usr/lib/system/libsystem_coretls.dylib
0x00007fff930f2000 	/usr/lib/system/libsystem_dnssd.dylib
0x00007fff890b8000 	/usr/lib/system/libsystem_info.dylib
0x00007fff91543000 	/usr/lib/system/libsystem_kernel.dylib
0x00007fff86e72000 	/usr/lib/system/libsystem_m.dylib
0x00007fff9509e000 	/usr/lib/system/libsystem_malloc.dylib
0x00007fff8149c000 	/usr/lib/system/libsystem_network.dylib
0x00007fff95095000 	/usr/lib/system/libsystem_networkextension.dylib
0x00007fff8bc38000 	/usr/lib/system/libsystem_notify.dylib
0x00007fff921f8000 	/usr/lib/system/libsystem_platform.dylib
0x00007fff8cef6000 	/usr/lib/system/libsystem_pthread.dylib
0x00007fff8b8f3000 	/usr/lib/system/libsystem_sandbox.dylib
0x00007fff81384000 	/usr/lib/system/libsystem_secinit.dylib
0x00007fff92255000 	/usr/lib/system/libsystem_trace.dylib
0x00007fff89959000 	/usr/lib/system/libunc.dylib
0x00007fff8769c000 	/usr/lib/system/libunwind.dylib
0x00007fff8bc42000 	/usr/lib/system/libxpc.dylib
0x00007fff95a89000 	/usr/lib/libenergytrace.dylib
0x00007fff8d2a3000 	/usr/lib/libbsm.0.dylib
0x00007fff8997d000 	/usr/lib/system/libkxld.dylib
0x00007fff815c6000 	/usr/lib/libxar.1.dylib
0x00007fff92d12000 	/usr/lib/libsqlite3.dylib
0x00007fff92637000 	/usr/lib/libpam.2.dylib
0x00007fff94f38000 	/usr/lib/libOpenScriptingUtil.dylib
0x00007fff81563000 	/usr/lib/libbz2.1.0.dylib
0x00007fff92401000 	/usr/lib/liblzma.5.dylib
0x00007fff89816000 	/System/Library/Frameworks/CoreServices.framework/Versions/A/Frameworks/FSEvents.framework/Versions/A/FSEvents
0x00007fff82b77000 	/System/Library/Frameworks/CoreServices.framework/Versions/A/Frameworks/CarbonCore.framework/Versions/A/CarbonCore
0x00007fff89017000 	/System/Library/Frameworks/CoreServices.framework/Versions/A/Frameworks/Metadata.framework/Versions/A/Metadata
0x00007fff92876000 	/System/Library/Frameworks/CoreServices.framework/Versions/A/Frameworks/OSServices.framework/Versions/A/OSServices
0x00007fff86110000 	/System/Library/Frameworks/CoreServices.framework/Versions/A/Frameworks/SearchKit.framework/Versions/A/SearchKit
0x00007fff8d3fa000 	/System/Library/Frameworks/CoreServices.framework/Versions/A/Frameworks/AE.framework/Versions/A/AE
0x00007fff8d124000 	/System/Library/Frameworks/CoreServices.framework/Versions/A/Frameworks/LaunchServices.framework/Versions/A/LaunchServices
0x00007fff855a6000 	/System/Library/Frameworks/CoreServices.framework/Versions/A/Frameworks/DictionaryServices.framework/Versions/A/DictionaryServices
0x00007fff8ca9b000 	/System/Library/Frameworks/CoreServices.framework/Versions/A/Frameworks/SharedFileList.framework/Versions/A/SharedFileList
0x00007fff8d297000 	/System/Library/Frameworks/NetFS.framework/Versions/A/NetFS
0x00007fff8256e000 	/System/Library/PrivateFrameworks/NetAuth.framework/Versions/A/NetAuth
0x00007fff876bc000 	/System/Library/PrivateFrameworks/login.framework/Versions/A/Frameworks/loginsupport.framework/Versions/A/loginsupport
0x00007fff815d5000 	/System/Library/PrivateFrameworks/TCC.framework/Versions/A/TCC
0x00007fff87232000 	/usr/lib/libmecabra.dylib
0x00007fff83329000 	/System/Library/Frameworks/ApplicationServices.framework/Versions/A/Frameworks/ATS.framework/Versions/A/ATS
0x00007fff8df75000 	/System/Library/Frameworks/ApplicationServices.framework/Versions/A/Frameworks/ColorSync.framework/Versions/A/ColorSync
0x00007fff93028000 	/System/Library/Frameworks/ApplicationServices.framework/Versions/A/Frameworks/HIServices.framework/Versions/A/HIServices
0x00007fff8feee000 	/System/Library/Frameworks/ApplicationServices.framework/Versions/A/Frameworks/LangAnalysis.framework/Versions/A/LangAnalysis
0x00007fff8c320000 	/System/Library/Frameworks/ApplicationServices.framework/Versions/A/Frameworks/PrintCore.framework/Versions/A/PrintCore
0x00007fff926cb000 	/System/Library/Frameworks/ApplicationServices.framework/Versions/A/Frameworks/QD.framework/Versions/A/QD
0x00007fff88edd000 	/System/Library/Frameworks/ApplicationServices.framework/Versions/A/Frameworks/SpeechSynthesis.framework/Versions/A/SpeechSynthesis
0x00007fff8cd03000 	/System/Library/Frameworks/Metal.framework/Versions/A/Metal
0x00007fff80fc7000 	/System/Library/Frameworks/Accelerate.framework/Versions/A/Frameworks/vImage.framework/Versions/A/vImage
0x00007fff9301b000 	/System/Library/Frameworks/Accelerate.framework/Versions/A/Frameworks/vecLib.framework/Versions/A/vecLib
0x00007fff816be000 	/System/Library/Frameworks/Accelerate.framework/Versions/A/Frameworks/vecLib.framework/Versions/A/libvDSP.dylib
0x00007fff861c3000 	/System/Library/Frameworks/Accelerate.framework/Versions/A/Frameworks/vecLib.framework/Versions/A/libvMisc.dylib
0x00007fff833b6000 	/System/Library/Frameworks/Accelerate.framework/Versions/A/Frameworks/vecLib.framework/Versions/A/libLAPACK.dylib
0x00007fff881f4000 	/System/Library/Frameworks/Accelerate.framework/Versions/A/Frameworks/vecLib.framework/Versions/A/libBLAS.dylib
0x00007fff837b3000 	/System/Library/Frameworks/Accelerate.framework/Versions/A/Frameworks/vecLib.framework/Versions/A/libLinearAlgebra.dylib
0x00007fff92e8a000 	/System/Library/Frameworks/Accelerate.framework/Versions/A/Frameworks/vecLib.framework/Versions/A/libSparseBLAS.dylib
0x00007fff832c3000 	/System/Library/PrivateFrameworks/GPUCompiler.framework/libmetal_timestamp.dylib
0x00007fff8ca8f000 	/System/Library/Frameworks/OpenGL.framework/Versions/A/Libraries/libCoreFSCache.dylib
0x00007fff81386000 	/System/Library/PrivateFrameworks/IOAccelerator.framework/Versions/A/IOAccelerator
0x00007fff929a6000 	/System/Library/Frameworks/ApplicationServices.framework/Versions/A/Frameworks/ATS.framework/Versions/A/Resources/libFontParser.dylib
0x00007fff92640000 	/System/Library/Frameworks/ApplicationServices.framework/Versions/A/Frameworks/ATS.framework/Versions/A/Resources/libFontRegistry.dylib
0x00007fff87d05000 	/System/Library/PrivateFrameworks/AppleVPA.framework/Versions/A/AppleVPA
0x00007fff89d7b000 	/System/Library/PrivateFrameworks/AppleJPEG.framework/Versions/A/AppleJPEG
0x00007fff925a3000 	/System/Library/Frameworks/ImageIO.framework/Versions/A/Resources/libJPEG.dylib
0x00007fff89cff000 	/System/Library/Frameworks/ImageIO.framework/Versions/A/Resources/libTIFF.dylib
0x00007fff80f4f000 	/System/Library/Frameworks/ImageIO.framework/Versions/A/Resources/libPng.dylib
0x00007fff9506c000 	/System/Library/Frameworks/ImageIO.framework/Versions/A/Resources/libGIF.dylib
0x00007fff85f05000 	/System/Library/Frameworks/ImageIO.framework/Versions/A/Resources/libJP2.dylib
0x00007fff89ec4000 	/System/Library/Frameworks/ImageIO.framework/Versions/A/Resources/libRadiance.dylib
0x00007fff8b8be000 	/System/Library/Frameworks/CoreVideo.framework/Versions/A/CoreVideo
0x00007fff9295f000 	/System/Library/Frameworks/OpenGL.framework/Versions/A/Libraries/libGLU.dylib
0x00007fff95342000 	/System/Library/Frameworks/OpenGL.framework/Versions/A/Libraries/libGFXShared.dylib
0x00007fff8200e000 	/System/Library/Frameworks/OpenGL.framework/Versions/A/Libraries/libGL.dylib
0x00007fff914f0000 	/System/Library/Frameworks/OpenGL.framework/Versions/A/Libraries/libGLImage.dylib
0x00007fff8fe96000 	/System/Library/Frameworks/OpenGL.framework/Versions/A/Libraries/libCVMSPluginSupport.dylib
0x00007fff88565000 	/System/Library/Frameworks/OpenGL.framework/Versions/A/Libraries/libCoreVMClient.dylib
0x00007fff95fdb000 	/usr/lib/libcompression.dylib
0x00007fff84b96000 	/usr/lib/libcups.2.dylib
0x00007fff89b6b000 	/System/Library/Frameworks/Kerberos.framework/Versions/A/Kerberos
0x00007fff83204000 	/System/Library/Frameworks/GSS.framework/Versions/A/GSS
0x00007fff8e71d000 	/usr/lib/libresolv.9.dylib
0x00007fff830d3000 	/usr/lib/libiconv.2.dylib
0x00007fff92c9d000 	/System/Library/PrivateFrameworks/Heimdal.framework/Versions/A/Heimdal
0x00007fff8a39b000 	/usr/lib/libheimdal-asn1.dylib
0x00007fff86b15000 	/System/Library/Frameworks/OpenDirectory.framework/Versions/A/OpenDirectory
0x00007fff92429000 	/System/Library/PrivateFrameworks/CommonAuth.framework/Versions/A/CommonAuth
0x00007fff95a6f000 	/System/Library/Frameworks/OpenDirectory.framework/Versions/A/Frameworks/CFOpenDirectory.framework/Versions/A/CFOpenDirectory
0x00007fff8e95d000 	/System/Library/Frameworks/SecurityFoundation.framework/Versions/A/SecurityFoundation
0x00007fff8d698000 	/System/Library/PrivateFrameworks/LanguageModeling.framework/Versions/A/LanguageModeling
0x00007fff8ebe0000 	/usr/lib/libmarisa.dylib
0x00007fff95071000 	/usr/lib/libChineseTokenizer.dylib
0x00007fff8255c000 	/usr/lib/libcmph.dylib
0x00007fff95f99000 	/System/Library/Frameworks/ServiceManagement.framework/Versions/A/ServiceManagement
0x00007fff876bf000 	/usr/lib/libxslt.1.dylib
0x00007fff884bc000 	/System/Library/Frameworks/Carbon.framework/Versions/A/Frameworks/Ink.framework/Versions/A/Ink
0x00007fff87026000 	/usr/lib/libFosl_dynamic.dylib
0x00007fff84d75000 	/System/Library/PrivateFrameworks/FaceCore.framework/Versions/A/FaceCore
0x00007fff880d6000 	/System/Library/Frameworks/OpenCL.framework/Versions/A/OpenCL
0x00007fff9261d000 	/System/Library/PrivateFrameworks/CrashReporterSupport.framework/Versions/A/CrashReporterSupport
0x00007fff95fb8000 	/System/Library/PrivateFrameworks/IconServices.framework/Versions/A/IconServices
0x00007fff80f75000 	/System/Library/PrivateFrameworks/Apple80211.framework/Versions/A/Apple80211
0x00007fff84b16000 	/System/Library/Frameworks/CoreWLAN.framework/Versions/A/CoreWLAN
0x00007fff92436000 	/System/Library/Frameworks/IOBluetooth.framework/Versions/A/IOBluetooth
0x00007fff8e425000 	/System/Library/PrivateFrameworks/CoreWiFi.framework/Versions/A/CoreWiFi
0x00007fff821f1000 	/System/Library/Frameworks/CoreBluetooth.framework/Versions/A/CoreBluetooth
0x00007fff9174b000 	/System/Library/PrivateFrameworks/ChunkingLibrary.framework/Versions/A/ChunkingLibrary
0x00007fff8ad4e000 	/System/Library/PrivateFrameworks/DebugSymbols.framework/Versions/A/DebugSymbols
0x00007fff922e4000 	/System/Library/PrivateFrameworks/CoreSymbolication.framework/Versions/A/CoreSymbolication
0x00007fff89989000 	/System/Library/PrivateFrameworks/Symbolication.framework/Versions/A/Symbolication
0x00007fff86fb5000 	/System/Library/PrivateFrameworks/SpeechRecognitionCore.framework/Versions/A/SpeechRecognitionCore
0x0000000109800000 	/Library/Java/JavaVirtualMachines/jdk1.8.0_181.jdk/Contents/Home/jre/lib/server/libjvm.dylib
0x00007fff96929000 	/usr/lib/libstdc++.6.dylib
0x0000000108f6b000 	/Library/Java/JavaVirtualMachines/jdk1.8.0_181.jdk/Contents/Home/jre/lib/libverify.dylib
0x0000000108f79000 	/Library/Java/JavaVirtualMachines/jdk1.8.0_181.jdk/Contents/Home/jre/lib/libjava.dylib
0x0000000108fb0000 	/Library/Java/JavaVirtualMachines/jdk1.8.0_181.jdk/Contents/Home/jre/lib/libjdwp.dylib
0x0000000108ffb000 	/Library/Java/JavaVirtualMachines/jdk1.8.0_181.jdk/Contents/Home/jre/lib/libnpt.dylib
0x000000010a7b4000 	/Library/Java/JavaVirtualMachines/jdk1.8.0_181.jdk/Contents/Home/jre/lib/libinstrument.dylib
0x000000010a811000 	/Library/Java/JavaVirtualMachines/jdk1.8.0_181.jdk/Contents/Home/jre/lib/libzip.dylib
0x000000011f504000 	/Library/Java/JavaVirtualMachines/jdk1.8.0_181.jdk/Contents/Home/jre/lib/libdt_socket.dylib
0x000000011f6b9000 	/Library/Java/JavaVirtualMachines/jdk1.8.0_181.jdk/Contents/Home/jre/lib/libnet.dylib

VM Arguments:
jvm_args: -agentlib:jdwp=transport=dt_socket,suspend=y,address=localhost:54396 -ea -javaagent:/Users/Ben/eclipse/java-2018-12/Eclipse.app/Contents/Eclipse/configuration/org.eclipse.osgi/215/0/.cp/lib/javaagent-shaded.jar -Dfile.encoding=UTF-8 
java_command: org.eclipse.jdt.internal.junit.runner.RemoteTestRunner -version 3 -port 54395 -testLoaderClass org.eclipse.jdt.internal.junit5.runner.JUnit5TestLoader -loaderpluginname org.eclipse.jdt.junit5.runtime -test test.StudentPersonTest:getLocation1 -uniqueId [engine:junit-jupiter]/[class:test.StudentPersonTest]/[method:getLocation1()]
java_class_path (initial): /Users/Ben/eclipse-workspace/LastnameFirstnamePA0/bin:/Users/Ben/.p2/pool/plugins/org.junit.jupiter.api_5.3.1.v20181005-1442.jar:/Users/Ben/.p2/pool/plugins/org.junit.jupiter.engine_5.3.1.v20181005-1442.jar:/Users/Ben/.p2/pool/plugins/org.junit.jupiter.migrationsupport_5.3.1.v20181005-1442.jar:/Users/Ben/.p2/pool/plugins/org.junit.jupiter.params_5.3.1.v20181005-1442.jar:/Users/Ben/.p2/pool/plugins/org.junit.platform.commons_1.3.1.v20181005-1442.jar:/Users/Ben/.p2/pool/plugins/org.junit.platform.engine_1.3.1.v20181005-1442.jar:/Users/Ben/.p2/pool/plugins/org.junit.platform.launcher_1.3.1.v20181005-1442.jar:/Users/Ben/.p2/pool/plugins/org.junit.platform.runner_1.3.1.v20181005-1442.jar:/Users/Ben/.p2/pool/plugins/org.junit.platform.suite.api_1.3.1.v20181005-1442.jar:/Users/Ben/.p2/pool/plugins/org.junit.vintage.engine_5.3.1.v20181005-1442.jar:/Users/Ben/.p2/pool/plugins/org.opentest4j_1.1.1.v20181005-1442.jar:/Users/Ben/.p2/pool/plugins/org.apiguardian_1.0.0.v20181005-1442.jar:/Users/Ben/.p2/pool/plugins/org.junit_4.12.0.v201504281640/junit.jar:/Users/Ben/.p2/pool/plugins/org.hamcrest.core_1.3.0.v20180420-1519.jar:/Users/Ben/eclipse/java-2018-12/Eclipse.app/Contents/Eclipse/configuration/org.eclipse.osgi/214/0/.cp:/Users/Ben/eclipse/java-2018-12/Eclipse.app/Contents/Eclipse/configuration/org.eclipse.osgi/212/0/.cp:/Users/Ben/eclipse/java-2018-12/Eclipse.app/Contents/Eclipse/configuration/org.eclipse.osgi/215/0/.cp/lib/javaagent-shaded.jar
Launcher Type: SUN_STANDARD

Environment Variables:
PATH=/usr/bin:/bin:/usr/sbin:/sbin
SHELL=/bin/bash

Signal Handlers:
SIGSEGV: [libjvm.dylib+0x5b6029], sa_mask[0]=11111111011111110111111111111111, sa_flags=SA_ONSTACK|SA_RESTART|SA_SIGINFO
SIGBUS: [libjvm.dylib+0x5b6029], sa_mask[0]=11111111011111110111111111111111, sa_flags=SA_RESTART|SA_SIGINFO
SIGFPE: [libjvm.dylib+0x48b934], sa_mask[0]=11111111011111110111111111111111, sa_flags=SA_RESTART|SA_SIGINFO
SIGPIPE: [libjvm.dylib+0x48b934], sa_mask[0]=11111111011111110111111111111111, sa_flags=SA_RESTART|SA_SIGINFO
SIGXFSZ: [libjvm.dylib+0x48b934], sa_mask[0]=11111111011111110111111111111111, sa_flags=SA_RESTART|SA_SIGINFO
SIGILL: [libjvm.dylib+0x48b934], sa_mask[0]=11111111011111110111111111111111, sa_flags=SA_RESTART|SA_SIGINFO
SIGUSR1: SIG_DFL, sa_mask[0]=00000000000000000000000000000000, sa_flags=none
SIGUSR2: [libjvm.dylib+0x48b452], sa_mask[0]=00100000000000000000000000000000, sa_flags=SA_RESTART|SA_SIGINFO
SIGHUP: [libjvm.dylib+0x489a1d], sa_mask[0]=11111111011111110111111111111111, sa_flags=SA_RESTART|SA_SIGINFO
SIGINT: [libjvm.dylib+0x489a1d], sa_mask[0]=11111111011111110111111111111111, sa_flags=SA_RESTART|SA_SIGINFO
SIGTERM: [libjvm.dylib+0x489a1d], sa_mask[0]=11111111011111110111111111111111, sa_flags=SA_RESTART|SA_SIGINFO
SIGQUIT: [libjvm.dylib+0x489a1d], sa_mask[0]=11111111011111110111111111111111, sa_flags=SA_RESTART|SA_SIGINFO


---------------  S Y S T E M  ---------------

OS:Bsduname:Darwin 15.6.0 Darwin Kernel Version 15.6.0: Thu Jun 21 20:07:40 PDT 2018; root:xnu-3248.73.11~1/RELEASE_X86_64 x86_64
rlimit: STACK 8192k, CORE 0k, NPROC 709, NOFILE 10240, AS infinity
load average:1.73 1.62 1.64

CPU:total 4 (initial active 4) (2 cores per cpu, 2 threads per core) family 6 model 69 stepping 1, cmov, cx8, fxsr, mmx, sse, sse2, sse3, ssse3, sse4.1, sse4.2, popcnt, avx, avx2, aes, clmul, erms, lzcnt, ht, tsc, tscinvbit, bmi1, bmi2

Memory: 4k page, physical 4194304k(142560k free)

/proc/meminfo:


vm_info: Java HotSpot(TM) 64-Bit Server VM (25.181-b13) for bsd-amd64 JRE (1.8.0_181-b13), built on Jul  7 2018 01:02:31 by "java_re" with gcc 4.2.1 (Based on Apple Inc. build 5658) (LLVM build 2336.11.00)

time: Wed Jan 22 02:19:33 2020
elapsed time: 5592 seconds (0d 1h 33m 12s)

